
Showing logs for build [32mcb-kubecd-bdd-gh-1585104274-pr-w8bl6-1[0m stage [32mfrom-build-pack[0m and container [32mstep-credential-initializer-tjss2[0m
{"level":"warn","ts":1585104888.195993,"logger":"fallback-logger","caller":"logging/config.go:69","msg":"Fetch GitHub commit ID from kodata failed: \"ref: refs/heads/0.8.0-**-support-backwards-incompats\" is not a valid GitHub commit ID"}
{"level":"info","ts":1585104888.1966772,"logger":"fallback-logger","caller":"creds-init/main.go:40","msg":"Credentials initialized."}

Showing logs for build [32mcb-kubecd-bdd-gh-1585104274-pr-w8bl6-1[0m stage [32mfrom-build-pack[0m and container [32mstep-working-dir-initializer-zptxr[0m
{"level":"warn","ts":1585104888.8659005,"logger":"fallback-logger","caller":"logging/config.go:69","msg":"Fetch GitHub commit ID from kodata failed: open /var/run/ko/HEAD: no such file or directory"}
{"level":"info","ts":1585104888.8672254,"logger":"fallback-logger","caller":"bash/main.go:64","msg":"Successfully executed command \"sh -c mkdir -p /workspace/source\"; output "}

Showing logs for build [32mcb-kubecd-bdd-gh-1585104274-pr-w8bl6-1[0m stage [32mfrom-build-pack[0m and container [32mstep-place-tools[0m

Showing logs for build [32mcb-kubecd-bdd-gh-1585104274-pr-w8bl6-1[0m stage [32mfrom-build-pack[0m and container [32mstep-git-source-cb-kubecd-bdd-gh-1585104274-pr-w8bl6-psx82[0m
{"level":"warn","ts":1585104895.1386993,"logger":"fallback-logger","caller":"logging/config.go:69","msg":"Fetch GitHub commit ID from kodata failed: \"ref: refs/heads/0.8.0-**-support-backwards-incompats\" is not a valid GitHub commit ID"}
{"level":"info","ts":1585104896.179365,"logger":"fallback-logger","caller":"git/git.go:103","msg":"Successfully cloned https://github.com/cb-kubecd/bdd-gh-1585104274.git @ master in path /workspace/source"}

Showing logs for build [32mcb-kubecd-bdd-gh-1585104274-pr-w8bl6-1[0m stage [32mfrom-build-pack[0m and container [32mstep-git-merge[0m
Using SHAs from PULL_REFS=master:f240471d94db7e99d93e32cd6c9b0322ee6546a9,1:280bdf586400589345117b59b325c9f9d9349664
DEBUG: LC_ALL=C JX_LOG_LEVEL=error git fetch origin --unshallow 280bdf586400589345117b59b325c9f9d9349664: f240471d94db7e99d93e32cd6c9b0322ee6546a9:
DEBUG: ran git fetch --unshallow origin 280bdf586400589345117b59b325c9f9d9349664: f240471d94db7e99d93e32cd6c9b0322ee6546a9: in 
DEBUG: LC_ALL=C JX_LOG_LEVEL=error git branch
DEBUG: LC_ALL=C JX_LOG_LEVEL=error git checkout master
DEBUG: ran git checkout master in 
DEBUG: LC_ALL=C JX_LOG_LEVEL=error git reset --hard f240471d94db7e99d93e32cd6c9b0322ee6546a9
DEBUG: ran git reset --hard f240471d94db7e99d93e32cd6c9b0322ee6546a9 in 
DEBUG: LC_ALL=C JX_LOG_LEVEL=error git clean -fd .
DEBUG: ran clean --force -d . in 
DEBUG: JX_LOG_LEVEL=error LC_ALL=C git merge 280bdf586400589345117b59b325c9f9d9349664
DEBUG: ran git merge 280bdf586400589345117b59b325c9f9d9349664 in 
DEBUG: LC_ALL=C JX_LOG_LEVEL=error git log --format=%H%x1f%an%x1f%ae%x1f%cn%x1f%ce%x1f%s%n%b%x1e f240471d94db7e99d93e32cd6c9b0322ee6546a9..HEAD
Merged SHA 280bdf586400589345117b59b325c9f9d9349664 with commit message 'My first PR commit' into base branch master

Showing logs for build [32mcb-kubecd-bdd-gh-1585104274-pr-w8bl6-1[0m stage [32mfrom-build-pack[0m and container [32mstep-build-make-linux[0m
CGO_ENABLED=0 GOOS=linux GOARCH=amd64 GO15VENDOREXPERIMENT=1 go build -ldflags '' -o bin/bdd-gh-1585104274 main.go

Showing logs for build [32mcb-kubecd-bdd-gh-1585104274-pr-w8bl6-1[0m stage [32mfrom-build-pack[0m and container [32mstep-build-container-build[0m
[36mINFO[0m[0000] No base image, nothing to extract            
[36mINFO[0m[0000] cmd: EXPOSE                                  
[36mINFO[0m[0000] Adding exposed port: 8080/tcp                
[36mINFO[0m[0000] Using files from context: [/workspace/source/bin] 
[36mINFO[0m[0000] Skipping unpacking as no commands require it. 
[36mINFO[0m[0000] Taking snapshot of full filesystem...        
[36mINFO[0m[0000] EXPOSE 8080                                  
[36mINFO[0m[0000] cmd: EXPOSE                                  
[36mINFO[0m[0000] Adding exposed port: 8080/tcp                
[36mINFO[0m[0000] No files changed in this command, skipping snapshotting. 
[36mINFO[0m[0000] ENTRYPOINT ["/bdd-gh-1585104274"]            
[36mINFO[0m[0000] No files changed in this command, skipping snapshotting. 
[36mINFO[0m[0000] Using files from context: [/workspace/source/bin] 
[36mINFO[0m[0000] COPY ./bin/ /                                
[36mINFO[0m[0000] Taking snapshot of files...                  
2020/03/25 02:55:14 pushed blob: sha256:ab85e582ed657fdb20f6acb0fccbd8218de34078328fd04c0128ffd463017aec
2020/03/25 02:55:15 pushed blob: sha256:c6e039661a2f61482c0d492a5e3d5c8d3f0c00d03ea61a4be456c1478ff6b406
2020/03/25 02:55:16 gcr.io/jenkins-x-bdd3/bdd-gh-1585104274:0.0.0-SNAPSHOT-PR-1-1: digest: sha256:4584c8060a1a5897445486b3558625b0361dd3ad57bfc8e341d382ec112507f5 size: 428

Showing logs for build [32mcb-kubecd-bdd-gh-1585104274-pr-w8bl6-1[0m stage [32mfrom-build-pack[0m and container [32mstep-postbuild-post-build[0m
no CVE provider running in the current ** namespace so skip adding image to be analysed

Showing logs for build [32mcb-kubecd-bdd-gh-1585104274-pr-w8bl6-1[0m stage [32mfrom-build-pack[0m and container [32mstep-promote-make-preview[0m
sed -i -e "s/version:.*/version: 0.0.0-SNAPSHOT-PR-1-1/" Chart.yaml
sed -i -e "s/version:.*/version: 0.0.0-SNAPSHOT-PR-1-1/" ../*/Chart.yaml
sed -i -e "s|repository:.*|repository: gcr.io\/jenkins-x-bdd3\/bdd-gh-1585104274|" values.yaml
sed -i -e "s/tag:.*/tag: 0.0.0-SNAPSHOT-PR-1-1/" values.yaml
echo "  version: 0.0.0-SNAPSHOT-PR-1-1" >> requirements.yaml
** step helm build
WARNING: No $CHART_REPOSITORY defined so using the default value of: http://jenkins-x-chartmuseum:8080
Adding missing Helm repo: storage.googleapis.com https://storage.googleapis.com/chartmuseum.jenkins-x.io
WARNING: No secrets found on "helm/repos" due: reading the secret "helm/repos" from vault: no secret "helm/repos" not found in vault
Read credentials for https://storage.googleapis.com/chartmuseum.jenkins-x.io from vault helm/repos
Successfully added Helm repository storage.googleapis.com.
Adding missing Helm repo: jenkins-x-chartmuseum http://jenkins-x-chartmuseum:8080
WARNING: No secrets found on "helm/repos" due: reading the secret "helm/repos" from vault: no secret "helm/repos" not found in vault
Read credentials for http://jenkins-x-chartmuseum:8080 from vault helm/repos
Successfully added Helm repository jenkins-x-chartmuseum.
WARNING: No $CHART_REPOSITORY defined so using the default value of: http://jenkins-x-chartmuseum:8080
Adding missing Helm repo: chartmuseum.jenkins-x.io http://chartmuseum.jenkins-x.io
WARNING: No secrets found on "helm/repos" due: reading the secret "helm/repos" from vault: no secret "helm/repos" not found in vault
Read credentials for http://chartmuseum.jenkins-x.io from vault helm/repos
Successfully added Helm repository chartmuseum.jenkins-x.io.

Showing logs for build [32mcb-kubecd-bdd-gh-1585104274-pr-w8bl6-1[0m stage [32mfrom-build-pack[0m and container [32mstep-promote-jx-preview[0m
Creating a preview
Created environment cb-kubecd-bdd-gh-1585104274-pr-1
Namespace **-cb-kubecd-bdd-gh-1585104274-pr-1 created 
expose:
  Annotations:
    helm.sh/hook: post-install,post-upgrade
    helm.sh/hook-delete-policy: hook-succeeded
  config:
    domain: 23.251.139.227.nip.io
    exposer: Ingress
    http: "true"
preview:
  image:
    repository: gcr.io/jenkins-x-bdd3/bdd-gh-1585104274
    tag: 0.0.0-SNAPSHOT-PR-1-1

Updating PipelineActivities cb-kubecd-bdd-gh-1585104274-pr-1-1 which has status Running
Preview application is now available at: http://bdd-gh-1585104274.**-cb-kubecd-bdd-gh-1585104274-pr-1.23.251.139.227.nip.io
